2022-01-19 21:15:37.512  INFO 12456 --- [main] lavalink.server.Launcher                 : 

[32m       .  [31m _                  _ _       _    [32m__ _ _
[32m      /\\ [31m| | __ ___   ____ _| (_)_ __ | | __[32m\ \ \ \
[32m     ( ( )[31m| |/ _` \ \ / / _` | | | '_ \| |/ /[32m \ \ \ \
[32m      \\/ [31m| | (_| |\ V / (_| | | | | | |   < [32m  ) ) ) )
[32m       '  [31m|_|\__,_| \_/ \__,_|_|_|_| |_|_|\_\[32m / / / /
[0m    =========================================[32m/_/_/_/[0m

	Version:        3.4
	Build:          1257
	Build time:     26.10.2021 14:18:37 UTC
	Branch          master
	Commit:         a364833
	Commit time:    26.10.2021 14:15:20 UTC
	JVM:            17.0.2
	Lavaplayer      1.3.96-original

2022-01-19 21:15:37.559  INFO 12456 --- [main] o.s.boot.SpringApplication               : 
  .   ____          _            __ _ _
 /\\ / ___'_ __ _ _(_)_ __  __ _ \ \ \ \
( ( )\___ | '_ | '_| | '_ \/ _` | \ \ \ \
 \\/  ___)| |_)| | | | | || (_| |  ) ) ) )
  '  |____| .__|_| |_|_| |_\__, | / / / /
 =========|_|==============|___/=/_/_/_/
 :: Spring Boot ::        (v2.1.8.RELEASE)


2022-01-19 21:15:37.674  INFO 12456 --- [main] lavalink.server.Launcher                 : Starting Launcher on LAPTOP-11OJH65J with PID 12456 (C:\Users\lmgd\Desktop\Programmation\Dart\dart projects\ptsi_bot\Lavalink.jar started by lmgd in C:\Users\lmgd\Desktop\Programmation\Dart\dart projects\ptsi_bot)
2022-01-19 21:15:37.675  INFO 12456 --- [main] lavalink.server.Launcher                 : No active profile set, falling back to default profiles: default
2022-01-19 21:15:37.785  WARN 12456 --- [background-preinit] o.s.h.c.j.Jackson2ObjectMapperBuilder    : For Jackson Kotlin classes support please add "com.fasterxml.jackson.module:jackson-module-kotlin" to the classpath
2022-01-19 21:15:39.198  WARN 12456 --- [main] io.undertow.websockets.jsr               : UT026010: Buffer pool was not set on WebSocketDeploymentInfo, the default pool will be used
2022-01-19 21:15:39.222  INFO 12456 --- [main] io.undertow.servlet                      : Initializing Spring embedded WebApplicationContext
2022-01-19 21:15:39.222  INFO 12456 --- [main] o.s.web.context.ContextLoader            : Root WebApplicationContext: initialization completed in 1492 ms
2022-01-19 21:15:39.576  WARN 12456 --- [main] l.server.config.SentryConfiguration      : Turning off sentry
2022-01-19 21:15:39.832  INFO 12456 --- [main] c.s.d.l.tools.GarbageCollectionMonitor   : GC monitoring enabled, reporting results every 2 minutes.
2022-01-19 21:15:40.021  INFO 12456 --- [main] lavalink.server.config.KoeConfiguration  : OS: Windows 11, Arch: amd64
2022-01-19 21:15:40.022  WARN 12456 --- [main] lavalink.server.config.KoeConfiguration  : This system and architecture appears to not support native audio sending! GC pauses may cause your bot to stutter during playback.
2022-01-19 21:15:40.269  INFO 12456 --- [main] o.s.s.concurrent.ThreadPoolTaskExecutor  : Initializing ExecutorService 'applicationTaskExecutor'
2022-01-19 21:15:40.605  INFO 12456 --- [main] org.xnio                                 : XNIO version 3.3.8.Final
2022-01-19 21:15:40.616  INFO 12456 --- [main] org.xnio.nio                             : XNIO NIO Implementation Version 3.3.8.Final
2022-01-19 21:15:40.686  INFO 12456 --- [main] o.s.b.w.e.u.UndertowServletWebServer     : Undertow started on port(s) 2333 (http) with context path ''
2022-01-19 21:15:40.693  INFO 12456 --- [main] lavalink.server.Launcher                 : Started Launcher in 3.727 seconds (JVM running for 4.198)
2022-01-19 21:15:40.695  INFO 12456 --- [main] lavalink.server.Launcher                 : You can safely ignore the big red warning about illegal reflection. See https://github.com/freyacodes/Lavalink/issues/295
2022-01-19 21:17:16.703  INFO 12456 --- [XNIO-1 task-1] io.undertow.servlet                      : Initializing Spring DispatcherServlet 'dispatcherServlet'
2022-01-19 21:17:16.704  INFO 12456 --- [XNIO-1 task-1] o.s.web.servlet.DispatcherServlet        : Initializing Servlet 'dispatcherServlet'
2022-01-19 21:17:16.711  INFO 12456 --- [XNIO-1 task-1] o.s.web.servlet.DispatcherServlet        : Completed initialization in 7 ms
2022-01-19 21:17:16.729  INFO 12456 --- [XNIO-1 task-1] l.server.io.HandshakeInterceptorImpl     : Incoming connection from /127.0.0.1:62415
2022-01-19 21:17:16.782  INFO 12456 --- [XNIO-1 task-1] lavalink.server.io.SocketServer          : Connection successfully established
2022-01-19 21:17:16.782  WARN 12456 --- [XNIO-1 task-1] lavalink.server.io.SocketServer          : Library developers: Please specify a 'Client-Name' header. User agent: Dart/2.16 (dart:io)
2022-01-19 21:17:32.869  INFO 12456 --- [XNIO-1 task-2] l.server.player.AudioLoaderRestHandler   : Got request to load for identifier "happy together"
2022-01-19 21:17:32.881  INFO 12456 --- [lava-daemon-pool-info-loader-2-thread-1] lavalink.server.player.AudioLoader       : No matches found
2022-01-19 21:22:05.186  INFO 12456 --- [XNIO-1 I/O-3] lavalink.server.io.SocketServer          : Connection closed from /127.0.0.1:62415 -- CloseStatus[code=1006, reason=]
2022-01-19 21:22:05.190  INFO 12456 --- [XNIO-1 I/O-3] lavalink.server.io.SocketContext         : Shutting down 0 playing players.
2022-01-19 21:22:10.493  INFO 12456 --- [XNIO-1 task-4] l.server.io.HandshakeInterceptorImpl     : Incoming connection from /127.0.0.1:57881
2022-01-19 21:22:10.496  INFO 12456 --- [XNIO-1 task-4] lavalink.server.io.SocketServer          : Connection successfully established
2022-01-19 21:22:10.497  WARN 12456 --- [XNIO-1 task-4] lavalink.server.io.SocketServer          : Library developers: Please specify a 'Client-Name' header. User agent: Dart/2.16 (dart:io)
2022-01-19 21:22:39.430  INFO 12456 --- [XNIO-1 task-5] l.server.player.AudioLoaderRestHandler   : Got request to load for identifier "ytsearch:the beatles yellow submarine"
2022-01-19 21:22:40.732  INFO 12456 --- [lava-daemon-pool-info-loader-2-thread-1] lavalink.server.player.AudioLoader       : Loaded playlist Search results for: the beatles yellow submarine
2022-01-19 21:22:40.755  INFO 12456 --- [XNIO-1 task-7] l.server.player.AudioLoaderRestHandler   : Got request to load for identifier "the beatles yellow submarine"
2022-01-19 21:22:40.756  INFO 12456 --- [lava-daemon-pool-info-loader-2-thread-1] lavalink.server.player.AudioLoader       : No matches found
2022-01-19 21:23:20.201  INFO 12456 --- [XNIO-1 I/O-5] lavalink.server.io.SocketServer          : Connection closed from /127.0.0.1:57881 -- CloseStatus[code=1006, reason=]
2022-01-19 21:23:20.202  INFO 12456 --- [XNIO-1 I/O-5] lavalink.server.io.SocketContext         : Shutting down 0 playing players.
2022-01-19 21:23:25.358  INFO 12456 --- [XNIO-1 task-9] l.server.io.HandshakeInterceptorImpl     : Incoming connection from /127.0.0.1:58582
2022-01-19 21:23:25.361  INFO 12456 --- [XNIO-1 task-9] lavalink.server.io.SocketServer          : Connection successfully established
2022-01-19 21:23:25.361  WARN 12456 --- [XNIO-1 task-9] lavalink.server.io.SocketServer          : Library developers: Please specify a 'Client-Name' header. User agent: Dart/2.16 (dart:io)
2022-01-19 21:23:34.983  INFO 12456 --- [XNIO-1 task-10] l.server.player.AudioLoaderRestHandler   : Got request to load for identifier "ytsearch:happy together"
2022-01-19 21:23:35.565  INFO 12456 --- [lava-daemon-pool-info-loader-2-thread-1] lavalink.server.player.AudioLoader       : Loaded playlist Search results for: happy together
2022-01-19 21:23:35.584  INFO 12456 --- [XNIO-1 task-12] l.server.player.AudioLoaderRestHandler   : Got request to load for identifier "happy together"
2022-01-19 21:23:35.585  INFO 12456 --- [lava-daemon-pool-info-loader-2-thread-1] lavalink.server.player.AudioLoader       : No matches found
2022-01-19 21:23:51.839  INFO 12456 --- [XNIO-1 I/O-2] lavalink.server.io.SocketServer          : Connection closed from /127.0.0.1:58582 -- CloseStatus[code=1006, reason=]
2022-01-19 21:23:51.840  INFO 12456 --- [XNIO-1 I/O-2] lavalink.server.io.SocketContext         : Shutting down 0 playing players.
2022-01-19 21:23:56.934  INFO 12456 --- [XNIO-1 task-14] l.server.io.HandshakeInterceptorImpl     : Incoming connection from /127.0.0.1:58614
2022-01-19 21:23:56.938  INFO 12456 --- [XNIO-1 task-14] lavalink.server.io.SocketServer          : Connection successfully established
2022-01-19 21:23:56.938  WARN 12456 --- [XNIO-1 task-14] lavalink.server.io.SocketServer          : Library developers: Please specify a 'Client-Name' header. User agent: Dart/2.16 (dart:io)
2022-01-19 21:24:06.593  INFO 12456 --- [XNIO-1 I/O-2] lavalink.server.io.SocketServer          : {"op":"voiceUpdate","guildId":"558777958894927882","sessionId":"ba9b83a34649bf0223f58152bb9a2a33","event":{"token":"64f53d2a9834c521","endpoint":"rotterdam6981.discord.media:443","guildId":"558777958894927882"}}
2022-01-19 21:24:12.105  INFO 12456 --- [XNIO-1 task-15] l.server.player.AudioLoaderRestHandler   : Got request to load for identifier "ytsearch:happy together"
2022-01-19 21:24:12.718  INFO 12456 --- [lava-daemon-pool-info-loader-2-thread-1] lavalink.server.player.AudioLoader       : Loaded playlist Search results for: happy together
2022-01-19 21:24:12.743  INFO 12456 --- [XNIO-1 I/O-2] lavalink.server.io.SocketServer          : {"op":"play","guildId":"558777958894927882","track":"QAAAiQIAI0hhcHB5IFRvZ2V0aGVyIC0gVGhlIFR1cnRsZXMgKDE5NjcpAAxDYW1lcm9uIFBvc2gAAAAAAAK3UAALOVpFVVJudHJRT2cAAQAraHR0cHM6Ly93d3cueW91dHViZS5jb20vd2F0Y2g/dj05WkVVUm50clFPZwAHeW91dHViZQAAAAAAAAAA","noReplace":false,"startTime":0}
2022-01-19 21:25:50.165  INFO 12456 --- [XNIO-1 I/O-2] lavalink.server.io.SocketServer          : Connection closed from /127.0.0.1:58614 -- CloseStatus[code=1006, reason=]
2022-01-19 21:25:50.167  INFO 12456 --- [XNIO-1 I/O-2] lavalink.server.io.SocketContext         : Shutting down 1 playing players.
2022-01-19 21:26:36.363  INFO 12456 --- [Thread-1] o.s.s.concurrent.ThreadPoolTaskExecutor  : Shutting down ExecutorService 'applicationTaskExecutor'
2022-01-19 21:26:36.367  INFO 12456 --- [Thread-1] c.s.d.l.tools.GarbageCollectionMonitor   : GC monitoring disabled.
2022-01-19 21:26:36.374  INFO 12456 --- [Thread-1] io.undertow.servlet                      : Destroying Spring FrameworkServlet 'dispatcherServlet'
